*** Starting uWSGI 2.0.18 (64bit) on [Tue Aug 18 10:35:14 2020] ***
compiled with version: 7.5.0 on 15 August 2020 10:13:21
os: Linux-5.4.0-42-generic #46~18.04.1-Ubuntu SMP Fri Jul 10 07:21:24 UTC 2020
nodename: tedu
machine: x86_64
clock source: unix
detected number of CPU cores: 4
current working directory: /home/tarena/PycharmProjects/untitled/month04/cloud note/cloudnote/cloudnote
writing pidfile to uwsgi.pid
detected binary path: /usr/local/bin/uwsgi
!!! no internal routing support, rebuild with pcre support !!!
uWSGI running as root, you can use --uid/--gid/--chroot options
*** WARNING: you are running uWSGI as root !!! (use the --uid flag) *** 
chdir() to /home/tarena/PycharmProjects/untitled/month04/cloud note/cloudnote
your processes number limit is 15447
your memory page size is 4096 bytes
detected max file descriptor number: 1024
lock engine: pthread robust mutexes
thunder lock: disabled (you can enable it with --thunder-lock)
uWSGI running as root, you can use --uid/--gid/--chroot options
*** WARNING: you are running uWSGI as root !!! (use the --uid flag) *** 
Python version: 3.6.9 (default, Jul 17 2020, 12:50:27)  [GCC 8.4.0]
Python main interpreter initialized at 0x55696fa40650
uWSGI running as root, you can use --uid/--gid/--chroot options
*** WARNING: you are running uWSGI as root !!! (use the --uid flag) *** 
python threads support enabled
The -s/--socket option is missing and stdin is not a socket.
*** Starting uWSGI 2.0.18 (64bit) on [Tue Aug 18 10:37:07 2020] ***
compiled with version: 7.5.0 on 15 August 2020 10:13:21
os: Linux-5.4.0-42-generic #46~18.04.1-Ubuntu SMP Fri Jul 10 07:21:24 UTC 2020
nodename: tedu
machine: x86_64
clock source: unix
detected number of CPU cores: 4
current working directory: /home/tarena/PycharmProjects/untitled/month04/cloud note/cloudnote/cloudnote
writing pidfile to uwsgi.pid
detected binary path: /usr/local/bin/uwsgi
!!! no internal routing support, rebuild with pcre support !!!
uWSGI running as root, you can use --uid/--gid/--chroot options
*** WARNING: you are running uWSGI as root !!! (use the --uid flag) *** 
chdir() to /home/tarena/PycharmProjects/untitled/month04/cloud note/cloudnote
your processes number limit is 15447
your memory page size is 4096 bytes
detected max file descriptor number: 1024
lock engine: pthread robust mutexes
thunder lock: disabled (you can enable it with --thunder-lock)
uwsgi socket 0 bound to TCP address 127.0.0.1:8000 fd 3
uWSGI running as root, you can use --uid/--gid/--chroot options
*** WARNING: you are running uWSGI as root !!! (use the --uid flag) *** 
Python version: 3.6.9 (default, Jul 17 2020, 12:50:27)  [GCC 8.4.0]
Python main interpreter initialized at 0x55e9168bad00
uWSGI running as root, you can use --uid/--gid/--chroot options
*** WARNING: you are running uWSGI as root !!! (use the --uid flag) *** 
python threads support enabled
your server socket listen backlog is limited to 100 connections
your mercy for graceful operations on workers is 60 seconds
mapped 166752 bytes (162 KB) for 2 cores
*** Operational MODE: threaded ***
WSGI app 0 (mountpoint='') ready in 3 seconds on interpreter 0x55e9168bad00 pid: 8973 (default app)
uWSGI running as root, you can use --uid/--gid/--chroot options
*** WARNING: you are running uWSGI as root !!! (use the --uid flag) *** 
*** uWSGI is running in multiple interpreter mode ***
spawned uWSGI master process (pid: 8973)
spawned uWSGI worker 1 (pid: 8977, cores: 2)
[pid: 8977|app: 0|req: 1/1] 127.0.0.1 () {44 vars in 860 bytes} [Tue Aug 18 10:37:28 2020] GET /admin/login/?next=/admin/ => generated 1821 bytes in 1839 msecs (HTTP/1.1 200) 7 headers in 395 bytes (1 switches on core 0)
[pid: 8977|app: 0|req: 3/2] 127.0.0.1 () {44 vars in 828 bytes} [Tue Aug 18 10:37:30 2020] GET /static/admin/css/base.css => generated 77 bytes in 82 msecs (HTTP/1.1 404) 3 headers in 100 bytes (1 switches on core 1)
[pid: 8977|app: 0|req: 4/3] 127.0.0.1 () {44 vars in 830 bytes} [Tue Aug 18 10:37:30 2020] GET /static/admin/css/login.css => generated 77 bytes in 80 msecs (HTTP/1.1 404) 3 headers in 100 bytes (1 switches on core 0)
[pid: 8977|app: 0|req: 4/4] 127.0.0.1 () {44 vars in 840 bytes} [Tue Aug 18 10:37:30 2020] GET /static/admin/css/responsive.css => generated 77 bytes in 1 msecs (HTTP/1.1 404) 3 headers in 100 bytes (1 switches on core 1)
[pid: 8977|app: 0|req: 5/5] 127.0.0.1 () {44 vars in 860 bytes} [Tue Aug 18 10:37:35 2020] GET /admin/login/?next=/admin/ => generated 1821 bytes in 74 msecs (HTTP/1.1 200) 7 headers in 395 bytes (1 switches on core 0)
[pid: 8977|app: 0|req: 7/6] 127.0.0.1 () {44 vars in 828 bytes} [Tue Aug 18 10:37:35 2020] GET /static/admin/css/base.css => generated 77 bytes in 1 msecs (HTTP/1.1 404) 3 headers in 100 bytes (1 switches on core 1)
[pid: 8977|app: 0|req: 7/7] 127.0.0.1 () {44 vars in 830 bytes} [Tue Aug 18 10:37:35 2020] GET /static/admin/css/login.css => generated 77 bytes in 1 msecs (HTTP/1.1 404) 3 headers in 100 bytes (1 switches on core 0)
[pid: 8977|app: 0|req: 8/8] 127.0.0.1 () {44 vars in 840 bytes} [Tue Aug 18 10:37:35 2020] GET /static/admin/css/responsive.css => generated 77 bytes in 1 msecs (HTTP/1.1 404) 3 headers in 100 bytes (1 switches on core 1)
